0 silly argv {
0 silly argv   _: [ 'add' ],
0 silly argv   globs: [ 'packages/pkg-mng/' ],
0 silly argv   lernaVersion: '4.0.0',
0 silly argv   '$0': 'node_modules/.bin/lerna',
0 silly argv   pkg: 'execa'
0 silly argv }
1 notice cli v4.0.0
2 verbose rootPath /home/alec/MOODLENET/repo/moodlenet3
3 error JSONError: Unexpected token "/" (0x2F) in JSON at position 418 while parsing near "...nv\": \"^16.0.0\",\n    //TODO: add execa\n  ..." in packages/pkg-mng/package.json
3 error
3 error [0m [90m 12 |[39m     [32m"bullmq"[39m[33m:[39m [32m"^1.74.2"[39m[33m,[39m[0m
3 error [0m [90m 13 |[39m     [32m"dotenv"[39m[33m:[39m [32m"^16.0.0"[39m[33m,[39m[0m
3 error [0m[31m[1m>[22m[39m[90m 14 |[39m     [90m//TODO: add execa[39m[0m
3 error [0m [90m    |[39m     [31m[1m^[22m[39m[0m
3 error [0m [90m 15 |[39m     [32m"dotenv-expand"[39m[33m:[39m [32m"^8.0.1"[39m[33m,[39m[0m
3 error [0m [90m 16 |[39m     [32m"lmify"[39m[33m:[39m [32m"^0.3.0"[39m[33m,[39m[0m
3 error [0m [90m 17 |[39m     [32m"pkg-dir"[39m[33m:[39m [32m"^5"[39m[0m
3 error
3 error     at parseJson (/home/alec/MOODLENET/repo/moodlenet3/node_modules/parse-json/index.js:29:21)
3 error     at parse (/home/alec/MOODLENET/repo/moodlenet3/node_modules/load-json-file/index.js:15:9)
3 error     at module.exports (/home/alec/MOODLENET/repo/moodlenet3/node_modules/load-json-file/index.js:18:47)
